<?xml version="1.0" encoding="UTF-8"?>
<testsuite xmlns:xsi="http://www.w3.org/2001/XMLSchema-instance" xsi:noNamespaceSchemaLocation="https://maven.apache.org/surefire/maven-surefire-plugin/xsd/surefire-test-report-3.0.xsd" version="3.0" name="ru.karyeragame.paymentsystem.PaymentsystemApplicationTests" time="17.258" tests="1" errors="0" skipped="0" failures="0">
  <properties>
[...]
</properties>
  <testcase name="contextLoads" classname="ru.karyeragame.paymentsystem.PaymentsystemApplicationTests" time="5.293">
    <system-out><![CDATA[17:04:58.727 [main] INFO org.springframework.test.context.support.AnnotationConfigContextLoaderUtils -- Could not detect default configuration classes for test class [ru.karyeragame.paymentsystem.PaymentsystemApplicationTests]: PaymentsystemApplicationTests does not declare any static, non-private, non-final, nested classes annotated with @Configuration.
17:04:59.101 [main] INFO org.springframework.boot.test.context.SpringBootTestContextBootstrapper -- Found @SpringBootConfiguration ru.karyeragame.paymentsystem.PaymentsystemApplication for test class ru.karyeragame.paymentsystem.PaymentsystemApplicationTests

  .   ____          _            __ _ _
 /\\ / ___'_ __ _ _(_)_ __  __ _ \ \ \ \
( ( )\___ | '_ | '_| | '_ \/ _` | \ \ \ \
 \\/  ___)| |_)| | | | | || (_| |  ) ) ) )
  '  |____| .__|_| |_|_| |_\__, | / / / /
 =========|_|==============|___/=/_/_/_/
 :: Spring Boot ::                (v3.1.4)

2023-09-29T17:05:01.059+03:00  INFO 3192 --- [           main] r.k.p.PaymentsystemApplicationTests      : Starting PaymentsystemApplicationTests using Java 17.0.5 with PID 3192 (started by vladi in C:\Users\vladi\dev\karyerapay-g2)
2023-09-29T17:05:01.066+03:00  INFO 3192 --- [           main] r.k.p.PaymentsystemApplicationTests      : No active profile set, falling back to 1 default profile: "default"
2023-09-29T17:05:03.723+03:00  INFO 3192 --- [           main] .s.d.r.c.RepositoryConfigurationDelegate : Bootstrapping Spring Data JDBC repositories in DEFAULT mode.
2023-09-29T17:05:03.774+03:00  INFO 3192 --- [           main] .s.d.r.c.RepositoryConfigurationDelegate : Finished Spring Data repository scanning in 37 ms. Found 0 JDBC repository interfaces.
2023-09-29T17:05:07.376+03:00  INFO 3192 --- [           main] com.zaxxer.hikari.HikariDataSource       : HikariPool-1 - Starting...
2023-09-29T17:05:08.207+03:00  INFO 3192 --- [           main] com.zaxxer.hikari.pool.HikariPool        : HikariPool-1 - Added connection conn0: url=jdbc:h2:file:./db/karyerapay-db user=ADMIN2
2023-09-29T17:05:08.211+03:00  INFO 3192 --- [           main] com.zaxxer.hikari.HikariDataSource       : HikariPool-1 - Start completed.
2023-09-29T17:05:08.573+03:00  INFO 3192 --- [           main] o.s.b.a.h2.H2ConsoleAutoConfiguration    : H2 console available at '/h2'. Database available at 'jdbc:h2:file:./db/karyerapay-db'
2023-09-29T17:05:08.841+03:00  WARN 3192 --- [           main] .s.s.UserDetailsServiceAutoConfiguration : 

Using generated security password: fcfbcc38-1422-4cb0-a8ff-9d6a2f0ee759

This generated password is for development use only. Your security configuration must be updated before running your application in production.

2023-09-29T17:05:09.691+03:00  INFO 3192 --- [           main] o.s.s.web.DefaultSecurityFilterChain     : Will secure any request with [org.springframework.security.web.session.DisableEncodeUrlFilter@713999c2, org.springframework.security.web.context.request.async.WebAsyncManagerIntegrationFilter@6060146b, org.springframework.security.web.context.SecurityContextHolderFilter@173511ff, org.springframework.security.web.header.HeaderWriterFilter@4567fb2b, org.springframework.security.web.csrf.CsrfFilter@5f3b84bd, org.springframework.security.web.authentication.logout.LogoutFilter@2bb31455, org.springframework.security.web.authentication.UsernamePasswordAuthenticationFilter@41a16eb3, org.springframework.security.web.authentication.ui.DefaultLoginPageGeneratingFilter@7c901203, org.springframework.security.web.authentication.ui.DefaultLogoutPageGeneratingFilter@33627576, org.springframework.security.web.authentication.www.BasicAuthenticationFilter@652e345, org.springframework.security.web.savedrequest.RequestCacheAwareFilter@1002d192, org.springframework.security.web.servletapi.SecurityContextHolderAwareRequestFilter@55c50f52, org.springframework.security.web.authentication.AnonymousAuthenticationFilter@27bc1d44, org.springframework.security.web.access.ExceptionTranslationFilter@19ae36f4, org.springframework.security.web.access.intercept.AuthorizationFilter@730bea0]
2023-09-29T17:05:09.962+03:00  INFO 3192 --- [           main] r.k.p.PaymentsystemApplicationTests      : Started PaymentsystemApplicationTests in 9.864 seconds (process running for 15.376)
]]></system-out>
  </testcase>
</testsuite>